<?xml version="1.0" encoding="UTF-8"?>
<robot generator="Robot 7.0 (Python 3.12.3 on win32)" generated="2024-05-23T12:12:35.392319" rpa="false" schemaversion="5">
<suite id="s1" name="Login Correto" source="c:\Users\rodri\Desktop\robot-testes\testes\login_correto.robot">
<test id="s1-t1" name="Verificar se ao preencher os campos do formulário corretamente os dados são inseridos e automaticamente você é redirecionado para a página logado devidamente" line="8">
<kw name="Acesse o Serverest" owner="setup_teardown" type="SETUP">
<kw name="Open Browser" owner="SeleniumLibrary">
<msg time="2024-05-23T12:12:35.611383" level="INFO">Opening browser 'Firefox' to base url 'https://front.serverest.dev/login'.</msg>
<arg>url=https://front.serverest.dev/login</arg>
<arg>browser=Firefox</arg>
<doc>Opens a new browser instance to the optional ``url``.</doc>
<status status="PASS" start="2024-05-23T12:12:35.611383" elapsed="8.512391"/>
</kw>
<status status="PASS" start="2024-05-23T12:12:35.611383" elapsed="8.513392"/>
</kw>
<kw name="Preencha os campos do formulário" owner="cadastro">
<kw name="Set Variable" owner="BuiltIn">
<msg time="2024-05-23T12:12:44.126775" level="INFO">${EMAIL} = beltranoqa@com.br</msg>
<var>${EMAIL}</var>
<arg>beltranoqa@com.br</arg>
<doc>Returns the given values which can then be assigned to a variables.</doc>
<status status="PASS" start="2024-05-23T12:12:44.125775" elapsed="0.001999"/>
</kw>
<kw name="Set Variable" owner="BuiltIn">
<msg time="2024-05-23T12:12:44.128775" level="INFO">${SENHA} = 1234</msg>
<var>${SENHA}</var>
<arg>1234</arg>
<doc>Returns the given values which can then be assigned to a variables.</doc>
<status status="PASS" start="2024-05-23T12:12:44.127774" elapsed="0.001001"/>
</kw>
<kw name="Input Text" owner="SeleniumLibrary">
<msg time="2024-05-23T12:12:44.129775" level="INFO">Typing text 'beltranoqa@com.br' into text field 'name:email'.</msg>
<arg>${CAMPO_EMAIL}</arg>
<arg>${EMAIL}</arg>
<doc>Types the given ``text`` into the text field identified by ``locator``.</doc>
<status status="PASS" start="2024-05-23T12:12:44.128775" elapsed="0.093043"/>
</kw>
<kw name="Input Text" owner="SeleniumLibrary">
<msg time="2024-05-23T12:12:44.221818" level="INFO">Typing text '1234' into text field 'name:password'.</msg>
<arg>${CAMPO_SENHA}</arg>
<arg>${SENHA}</arg>
<doc>Types the given ``text`` into the text field identified by ``locator``.</doc>
<status status="PASS" start="2024-05-23T12:12:44.221818" elapsed="0.020839"/>
</kw>
<status status="PASS" start="2024-05-23T12:12:44.125775" elapsed="0.116882"/>
</kw>
<kw name="E clique no botão" owner="cadastro">
<kw name="Click Element" owner="SeleniumLibrary">
<msg time="2024-05-23T12:12:44.242657" level="INFO">Clicking element 'class:btn'.</msg>
<arg>${CAMPO_BOTAO}</arg>
<doc>Click the element identified by ``locator``.</doc>
<status status="PASS" start="2024-05-23T12:12:44.242657" elapsed="0.230073"/>
</kw>
<kw name="Sleep" owner="BuiltIn">
<msg time="2024-05-23T12:12:49.477449" level="INFO">Slept 5 seconds.</msg>
<arg>5s</arg>
<doc>Pauses the test executed for the given time.</doc>
<status status="PASS" start="2024-05-23T12:12:44.472730" elapsed="5.004719"/>
</kw>
<status status="PASS" start="2024-05-23T12:12:44.242657" elapsed="5.234792"/>
</kw>
<kw name="Então identificar a página de usuário logado" owner="cadastro">
<kw name="Element Should Be Visible" owner="SeleniumLibrary">
<msg time="2024-05-23T12:12:49.507458" level="INFO">Element 'class:card-body' is displayed.</msg>
<arg>class:card-body</arg>
<doc>Verifies that the element identified by ``locator`` is visible.</doc>
<status status="PASS" start="2024-05-23T12:12:49.477449" elapsed="0.030009"/>
</kw>
<status status="PASS" start="2024-05-23T12:12:49.477449" elapsed="0.030009"/>
</kw>
<kw name="Feche o navegador" owner="setup_teardown" type="TEARDOWN">
<kw name="Close Browser" owner="SeleniumLibrary">
<doc>Closes the current browser.</doc>
<status status="PASS" start="2024-05-23T12:12:49.507458" elapsed="2.881982"/>
</kw>
<status status="PASS" start="2024-05-23T12:12:49.507458" elapsed="2.881982"/>
</kw>
<status status="PASS" start="2024-05-23T12:12:35.611383" elapsed="16.778057"/>
</test>
<status status="PASS" start="2024-05-23T12:12:35.397319" elapsed="16.992121"/>
</suite>
<statistics>
<total>
<stat pass="1" fail="0" skip="0">All Tests</stat>
</total>
<tag>
</tag>
<suite>
<stat pass="1" fail="0" skip="0" id="s1" name="Login Correto">Login Correto</stat>
</suite>
</statistics>
<errors>
</errors>
</robot>
